<?xml version="1.0" encoding="UTF-8"?>
<!-- Generated by org.testng.reporters.JUnitXMLReporter -->
<testsuite hostname="ULTP_314" name="AddUser" tests="5" failures="3" timestamp="8 Jul 2014 10:10:22 GMT" time="11.832" errors="0">
  <testcase name="addUsers" time="0.028" classname="ForgotPassword.AddUsers">
    <failure type="org.openqa.selenium.NoSuchElementException" message="Unable to locate element: {&amp;quot;method&amp;quot;:&amp;quot;css selector&amp;quot;,&amp;quot;selector&amp;quot;:&amp;quot;a[id=&amp;apos;account&amp;apos;]&amp;quot;}
Command duration or timeout: 23 milliseconds
For documentation on this error, please visit: http://seleniumhq.org/exceptions/no_such_element.html
Build info: version: &amp;apos;2.40.0&amp;apos;, revision: &amp;apos;fbe29a9&amp;apos;, time: &amp;apos;2014-02-19 20:55:11&amp;apos;
System info: host: &amp;apos;ULTP_314&amp;apos;, ip: &amp;apos;172.25.24.21&amp;apos;, os.name: &amp;apos;Windows 8.1&amp;apos;, os.arch: &amp;apos;amd64&amp;apos;, os.version: &amp;apos;6.3&amp;apos;, java.version: &amp;apos;1.8.0_05&amp;apos;
Driver info: org.openqa.selenium.firefox.FirefoxDriver
Capabilities [{applicationCacheEnabled=true, rotatable=false, handlesAlerts=true, databaseEnabled=true, version=30.0, platform=XP, browserConnectionEnabled=true, nativeEvents=false, acceptSslCerts=true, webStorageEnabled=true, locationContextEnabled=true, browserName=firefox, takesScreenshot=true, javascriptEnabled=true, cssSelectorsEnabled=true}]
Session ID: b8e5d131-171a-4726-b457-c0b89d1d398b">
      <![CDATA[org.openqa.selenium.NoSuchElementException: Unable to locate element: {"method":"css selector","selector":"a[id='account']"}
Command duration or timeout: 23 milliseconds
For documentation on this error, please visit: http://seleniumhq.org/exceptions/no_such_element.html
Build info: version: '2.40.0', revision: 'fbe29a9', time: '2014-02-19 20:55:11'
System info: host: 'ULTP_314', ip: '172.25.24.21', os.name: 'Windows 8.1', os.arch: 'amd64', os.version: '6.3', java.version: '1.8.0_05'
Driver info: org.openqa.selenium.firefox.FirefoxDriver
Capabilities [{applicationCacheEnabled=true, rotatable=false, handlesAlerts=true, databaseEnabled=true, version=30.0, platform=XP, browserConnectionEnabled=true, nativeEvents=false, acceptSslCerts=true, webStorageEnabled=true, locationContextEnabled=true, browserName=firefox, takesScreenshot=true, javascriptEnabled=true, cssSelectorsEnabled=true}]
Session ID: b8e5d131-171a-4726-b457-c0b89d1d398b
	at org.openqa.selenium.remote.ErrorHandler.createThrowable(ErrorHandler.java:193)
	at org.openqa.selenium.remote.ErrorHandler.throwIfResponseFailed(ErrorHandler.java:145)
	at org.openqa.selenium.remote.RemoteWebDriver.execute(RemoteWebDriver.java:573)
	at org.openqa.selenium.remote.RemoteWebDriver.findElement(RemoteWebDriver.java:326)
	at org.openqa.selenium.remote.RemoteWebDriver.findElementByCssSelector(RemoteWebDriver.java:415)
	at org.openqa.selenium.By$ByCssSelector.findElement(By.java:426)
	at org.openqa.selenium.remote.RemoteWebDriver.findElement(RemoteWebDriver.java:318)
	at ForgotPassword.AddUsers.addUsers(AddUsers.java:36)
Caused by: org.openqa.selenium.remote.ErrorHandler$UnknownServerException: Unable to locate element: {"method":"css selector","selector":"a[id='account']"}
Build info: version: '2.40.0', revision: 'fbe29a9', time: '2014-02-19 20:55:11'
System info: host: 'ULTP_314', ip: '172.25.24.21', os.name: 'Windows 8.1', os.arch: 'amd64', os.version: '6.3', java.version: '1.8.0_05'
Driver info: driver.version: unknown
	at <anonymous class>.FirefoxDriver.prototype.findElementInternal_(file:///C:/Users/sunnyk/AppData/Local/Temp/anonymous1987403460642707877webdriver-profile/extensions/fxdriver@googlecode.com/components/driver_component.js:8904:7)
	at <anonymous class>.FirefoxDriver.prototype.findElement(file:///C:/Users/sunnyk/AppData/Local/Temp/anonymous1987403460642707877webdriver-profile/extensions/fxdriver@googlecode.com/components/driver_component.js:8913:3)
	at <anonymous class>.DelayedCommand.prototype.executeInternal_/h(file:///C:/Users/sunnyk/AppData/Local/Temp/anonymous1987403460642707877webdriver-profile/extensions/fxdriver@googlecode.com/components/command_processor.js:10878:11)
	at <anonymous class>.DelayedCommand.prototype.executeInternal_(file:///C:/Users/sunnyk/AppData/Local/Temp/anonymous1987403460642707877webdriver-profile/extensions/fxdriver@googlecode.com/components/command_processor.js:10883:7)
	at <anonymous class>.DelayedCommand.prototype.execute/<(file:///C:/Users/sunnyk/AppData/Local/Temp/anonymous1987403460642707877webdriver-profile/extensions/fxdriver@googlecode.com/components/command_processor.js:10825:5)
... Removed 28 stack frames]]>
    </failure>
  </testcase> <!-- addUsers -->
  <testcase name="changePass" time="0.022" classname="ForgotPassword.AddUsers">
    <failure type="org.openqa.selenium.NoSuchElementException" message="Unable to locate element: {&amp;quot;method&amp;quot;:&amp;quot;xpath&amp;quot;,&amp;quot;selector&amp;quot;:&amp;quot;//div[@class=&amp;apos;mdDetailFooterLeft&amp;apos;]/button[2]&amp;quot;}
Command duration or timeout: 21 milliseconds
For documentation on this error, please visit: http://seleniumhq.org/exceptions/no_such_element.html
Build info: version: &amp;apos;2.40.0&amp;apos;, revision: &amp;apos;fbe29a9&amp;apos;, time: &amp;apos;2014-02-19 20:55:11&amp;apos;
System info: host: &amp;apos;ULTP_314&amp;apos;, ip: &amp;apos;172.25.24.21&amp;apos;, os.name: &amp;apos;Windows 8.1&amp;apos;, os.arch: &amp;apos;amd64&amp;apos;, os.version: &amp;apos;6.3&amp;apos;, java.version: &amp;apos;1.8.0_05&amp;apos;
Driver info: org.openqa.selenium.firefox.FirefoxDriver
Capabilities [{applicationCacheEnabled=true, rotatable=false, handlesAlerts=true, databaseEnabled=true, version=30.0, platform=XP, browserConnectionEnabled=true, nativeEvents=false, acceptSslCerts=true, webStorageEnabled=true, locationContextEnabled=true, browserName=firefox, takesScreenshot=true, javascriptEnabled=true, cssSelectorsEnabled=true}]
Session ID: b8e5d131-171a-4726-b457-c0b89d1d398b">
      <![CDATA[org.openqa.selenium.NoSuchElementException: Unable to locate element: {"method":"xpath","selector":"//div[@class='mdDetailFooterLeft']/button[2]"}
Command duration or timeout: 21 milliseconds
For documentation on this error, please visit: http://seleniumhq.org/exceptions/no_such_element.html
Build info: version: '2.40.0', revision: 'fbe29a9', time: '2014-02-19 20:55:11'
System info: host: 'ULTP_314', ip: '172.25.24.21', os.name: 'Windows 8.1', os.arch: 'amd64', os.version: '6.3', java.version: '1.8.0_05'
Driver info: org.openqa.selenium.firefox.FirefoxDriver
Capabilities [{applicationCacheEnabled=true, rotatable=false, handlesAlerts=true, databaseEnabled=true, version=30.0, platform=XP, browserConnectionEnabled=true, nativeEvents=false, acceptSslCerts=true, webStorageEnabled=true, locationContextEnabled=true, browserName=firefox, takesScreenshot=true, javascriptEnabled=true, cssSelectorsEnabled=true}]
Session ID: b8e5d131-171a-4726-b457-c0b89d1d398b
	at org.openqa.selenium.remote.ErrorHandler.createThrowable(ErrorHandler.java:193)
	at org.openqa.selenium.remote.ErrorHandler.throwIfResponseFailed(ErrorHandler.java:145)
	at org.openqa.selenium.remote.RemoteWebDriver.execute(RemoteWebDriver.java:573)
	at org.openqa.selenium.remote.RemoteWebDriver.findElement(RemoteWebDriver.java:326)
	at org.openqa.selenium.remote.RemoteWebDriver.findElementByXPath(RemoteWebDriver.java:423)
	at org.openqa.selenium.By$ByXPath.findElement(By.java:357)
	at org.openqa.selenium.remote.RemoteWebDriver.findElement(RemoteWebDriver.java:318)
	at ForgotPassword.AddUsers.changePass(AddUsers.java:105)
Caused by: org.openqa.selenium.remote.ErrorHandler$UnknownServerException: Unable to locate element: {"method":"xpath","selector":"//div[@class='mdDetailFooterLeft']/button[2]"}
Build info: version: '2.40.0', revision: 'fbe29a9', time: '2014-02-19 20:55:11'
System info: host: 'ULTP_314', ip: '172.25.24.21', os.name: 'Windows 8.1', os.arch: 'amd64', os.version: '6.3', java.version: '1.8.0_05'
Driver info: driver.version: unknown
	at <anonymous class>.FirefoxDriver.prototype.findElementInternal_(file:///C:/Users/sunnyk/AppData/Local/Temp/anonymous1987403460642707877webdriver-profile/extensions/fxdriver@googlecode.com/components/driver_component.js:8904:7)
	at <anonymous class>.FirefoxDriver.prototype.findElement(file:///C:/Users/sunnyk/AppData/Local/Temp/anonymous1987403460642707877webdriver-profile/extensions/fxdriver@googlecode.com/components/driver_component.js:8913:3)
	at <anonymous class>.DelayedCommand.prototype.executeInternal_/h(file:///C:/Users/sunnyk/AppData/Local/Temp/anonymous1987403460642707877webdriver-profile/extensions/fxdriver@googlecode.com/components/command_processor.js:10878:11)
	at <anonymous class>.DelayedCommand.prototype.executeInternal_(file:///C:/Users/sunnyk/AppData/Local/Temp/anonymous1987403460642707877webdriver-profile/extensions/fxdriver@googlecode.com/components/command_processor.js:10883:7)
	at <anonymous class>.DelayedCommand.prototype.execute/<(file:///C:/Users/sunnyk/AppData/Local/Temp/anonymous1987403460642707877webdriver-profile/extensions/fxdriver@googlecode.com/components/command_processor.js:10825:5)
... Removed 28 stack frames]]>
    </failure>
  </testcase> <!-- changePass -->
  <testcase name="delUser" time="0.02" classname="ForgotPassword.AddUsers">
    <failure type="org.openqa.selenium.NoSuchElementException" message="Unable to locate element: {&amp;quot;method&amp;quot;:&amp;quot;xpath&amp;quot;,&amp;quot;selector&amp;quot;:&amp;quot;//div[@class=&amp;apos;mdDetailFooterLeft&amp;apos;]/button[1]&amp;quot;}
Command duration or timeout: 19 milliseconds
For documentation on this error, please visit: http://seleniumhq.org/exceptions/no_such_element.html
Build info: version: &amp;apos;2.40.0&amp;apos;, revision: &amp;apos;fbe29a9&amp;apos;, time: &amp;apos;2014-02-19 20:55:11&amp;apos;
System info: host: &amp;apos;ULTP_314&amp;apos;, ip: &amp;apos;172.25.24.21&amp;apos;, os.name: &amp;apos;Windows 8.1&amp;apos;, os.arch: &amp;apos;amd64&amp;apos;, os.version: &amp;apos;6.3&amp;apos;, java.version: &amp;apos;1.8.0_05&amp;apos;
Driver info: org.openqa.selenium.firefox.FirefoxDriver
Capabilities [{applicationCacheEnabled=true, rotatable=false, handlesAlerts=true, databaseEnabled=true, version=30.0, platform=XP, browserConnectionEnabled=true, nativeEvents=false, acceptSslCerts=true, webStorageEnabled=true, locationContextEnabled=true, browserName=firefox, takesScreenshot=true, javascriptEnabled=true, cssSelectorsEnabled=true}]
Session ID: b8e5d131-171a-4726-b457-c0b89d1d398b">
      <![CDATA[org.openqa.selenium.NoSuchElementException: Unable to locate element: {"method":"xpath","selector":"//div[@class='mdDetailFooterLeft']/button[1]"}
Command duration or timeout: 19 milliseconds
For documentation on this error, please visit: http://seleniumhq.org/exceptions/no_such_element.html
Build info: version: '2.40.0', revision: 'fbe29a9', time: '2014-02-19 20:55:11'
System info: host: 'ULTP_314', ip: '172.25.24.21', os.name: 'Windows 8.1', os.arch: 'amd64', os.version: '6.3', java.version: '1.8.0_05'
Driver info: org.openqa.selenium.firefox.FirefoxDriver
Capabilities [{applicationCacheEnabled=true, rotatable=false, handlesAlerts=true, databaseEnabled=true, version=30.0, platform=XP, browserConnectionEnabled=true, nativeEvents=false, acceptSslCerts=true, webStorageEnabled=true, locationContextEnabled=true, browserName=firefox, takesScreenshot=true, javascriptEnabled=true, cssSelectorsEnabled=true}]
Session ID: b8e5d131-171a-4726-b457-c0b89d1d398b
	at org.openqa.selenium.remote.ErrorHandler.createThrowable(ErrorHandler.java:193)
	at org.openqa.selenium.remote.ErrorHandler.throwIfResponseFailed(ErrorHandler.java:145)
	at org.openqa.selenium.remote.RemoteWebDriver.execute(RemoteWebDriver.java:573)
	at org.openqa.selenium.remote.RemoteWebDriver.findElement(RemoteWebDriver.java:326)
	at org.openqa.selenium.remote.RemoteWebDriver.findElementByXPath(RemoteWebDriver.java:423)
	at org.openqa.selenium.By$ByXPath.findElement(By.java:357)
	at org.openqa.selenium.remote.RemoteWebDriver.findElement(RemoteWebDriver.java:318)
	at ForgotPassword.AddUsers.delUser(AddUsers.java:120)
Caused by: org.openqa.selenium.remote.ErrorHandler$UnknownServerException: Unable to locate element: {"method":"xpath","selector":"//div[@class='mdDetailFooterLeft']/button[1]"}
Build info: version: '2.40.0', revision: 'fbe29a9', time: '2014-02-19 20:55:11'
System info: host: 'ULTP_314', ip: '172.25.24.21', os.name: 'Windows 8.1', os.arch: 'amd64', os.version: '6.3', java.version: '1.8.0_05'
Driver info: driver.version: unknown
	at <anonymous class>.FirefoxDriver.prototype.findElementInternal_(file:///C:/Users/sunnyk/AppData/Local/Temp/anonymous1987403460642707877webdriver-profile/extensions/fxdriver@googlecode.com/components/driver_component.js:8904:7)
	at <anonymous class>.FirefoxDriver.prototype.findElement(file:///C:/Users/sunnyk/AppData/Local/Temp/anonymous1987403460642707877webdriver-profile/extensions/fxdriver@googlecode.com/components/driver_component.js:8913:3)
	at <anonymous class>.DelayedCommand.prototype.executeInternal_/h(file:///C:/Users/sunnyk/AppData/Local/Temp/anonymous1987403460642707877webdriver-profile/extensions/fxdriver@googlecode.com/components/command_processor.js:10878:11)
	at <anonymous class>.DelayedCommand.prototype.executeInternal_(file:///C:/Users/sunnyk/AppData/Local/Temp/anonymous1987403460642707877webdriver-profile/extensions/fxdriver@googlecode.com/components/command_processor.js:10883:7)
	at <anonymous class>.DelayedCommand.prototype.execute/<(file:///C:/Users/sunnyk/AppData/Local/Temp/anonymous1987403460642707877webdriver-profile/extensions/fxdriver@googlecode.com/components/command_processor.js:10825:5)
... Removed 28 stack frames]]>
    </failure>
  </testcase> <!-- delUser -->
  <testcase name="checkUserAddition" time="0.001" classname="ForgotPassword.AddUsers">
    <skipped/>
  </testcase> <!-- checkUserAddition -->
  <testcase name="confirmDelUser" time="0.0" classname="ForgotPassword.AddUsers">
    <skipped/>
  </testcase> <!-- confirmDelUser -->
</testsuite> <!-- AddUser -->
